<?xml version="1.0" encoding="UTF-8"?>
<testsuite xmlns:xsi="http://www.w3.org/2001/XMLSchema-instance" xsi:noNamespaceSchemaLocation="https://maven.apache.org/surefire/maven-surefire-plugin/xsd/surefire-test-report.xsd" name="test.LoginTest" time="12.538" tests="4" errors="0" skipped="0" failures="0">
  <properties>
[...]
</properties>
  <testcase name="personalAccountButtonMainPageTest" classname="test.LoginTest" time="3.737"/>
  <testcase name="enterButtonRecoverPageTest" classname="test.LoginTest" time="3.122"/>
  <testcase name="enterButtonRegistrationPageTest" classname="test.LoginTest" time="3.02"/>
  <testcase name="enterButtonMainPageTest" classname="test.LoginTest" time="2.65"/>
</testsuite>